2025-02-21 22:34:49,765 - __main__ - INFO - Starting bot initialization...
2025-02-21 22:34:49,765 - __main__ - INFO - Project root set to: /Users/xavierlockett/company_chatbot
2025-02-21 22:34:49,766 - __main__ - INFO - Environment variables loaded
2025-02-21 22:34:49,767 - __main__ - INFO - Environment check passed
2025-02-21 22:34:49,767 - __main__ - INFO - File structure verification passed
2025-02-21 22:34:50,151 - __main__ - INFO - Starting Discord bot...
2025-02-21 22:34:50,152 - discord.client - WARNING - PyNaCl is not installed, voice will NOT be supported
2025-02-21 22:34:50,153 - discord.client - INFO - logging in using static token
2025-02-21 22:34:51,038 - discord.gateway - INFO - Shard ID None has connected to Gateway (Session ID: 9c5c2f4e8fef9aa83af8a3fc1119bf47).
2025-02-21 22:35:03,243 - discord.client - ERROR - Ignoring exception in on_message
Traceback (most recent call last):
  File "/Users/xavierlockett/company_chatbot/venv/lib/python3.13/site-packages/discord/client.py", line 481, in _run_event
    await coro(*args, **kwargs)
  File "/Users/xavierlockett/company_chatbot/src/discord_bot.py", line 41, in on_message
    await self.handle_message(message)
  File "/Users/xavierlockett/company_chatbot/src/discord_bot.py", line 65, in handle_message
    response, metadata = await self.conversation_manager.process_message(
                         ^^^^^^^^^^^^^^^^^^^^^^^^^^^^^^^^^^^^^^^^^^^^^^^^
    ...<2 lines>...
    )
    ^
  File "/Users/xavierlockett/company_chatbot/src/conversation_manager.py", line 49, in process_message
    self._update_context(context, new_context, topic)
    ^^^^^^^^^^^^^^^^^^^^
AttributeError: 'ConversationManager' object has no attribute '_update_context'
2025-02-21 22:40:30,214 - discord.client - ERROR - Ignoring exception in on_message
Traceback (most recent call last):
  File "/Users/xavierlockett/company_chatbot/venv/lib/python3.13/site-packages/discord/client.py", line 481, in _run_event
    await coro(*args, **kwargs)
  File "/Users/xavierlockett/company_chatbot/src/discord_bot.py", line 41, in on_message
    await self.handle_message(message)
  File "/Users/xavierlockett/company_chatbot/src/discord_bot.py", line 65, in handle_message
    response, metadata = await self.conversation_manager.process_message(
                         ^^^^^^^^^^^^^^^^^^^^^^^^^^^^^^^^^^^^^^^^^^^^^^^^
    ...<2 lines>...
    )
    ^
  File "/Users/xavierlockett/company_chatbot/src/conversation_manager.py", line 49, in process_message
    self._update_context(context, new_context, topic)
    ^^^^^^^^^^^^^^^^^^^^
AttributeError: 'ConversationManager' object has no attribute '_update_context'
2025-03-06 18:13:47,797 - INFO - Analyzing website: https://basspro.com
2025-03-06 18:13:50,191 - INFO - Website analysis completed successfully
2025-03-06 18:18:05,761 - INFO - Analyzing website: https://basspro.com
2025-03-06 18:18:07,369 - INFO - Website analysis completed successfully
